<?xml version="1.0" encoding="UTF-8"?>
<!-- Generated by org.testng.reporters.JUnitXMLReporter -->
<testsuite hostname="Basil" ignored="0" name="Test" tests="2" failures="1" timestamp="03 Oct 2022 10:23:27 GMT" time="53.756" errors="0">
  <testcase name="browser" time="0.0" classname="org.testng.Sam">
    <failure type="org.testng.TestNGException" message="
Parameter &amp;apos;browser&amp;apos; is required by @Test on method browser but has not been marked @Optional or defined
in C:\Users\lenovo\eclipse-workspace\TestNgS\testng.xml">
      <![CDATA[org.testng.TestNGException: 
Parameter 'browser' is required by @Test on method browser but has not been marked @Optional or defined
in C:\Users\lenovo\eclipse-workspace\TestNgS\testng.xml
... Removed 24 stack frames]]>
    </failure>
  </testcase> <!-- browser -->
  <testcase name="ts" time="1.531" classname="org.testng.Sam"/>
</testsuite> <!-- Test -->
